<?xml version="1.0" encoding="UTF-8"?>
<!-- Generated by org.testng.reporters.JUnitReportReporter -->
<testsuite hostname="Yash-Laptop" failures="0" tests="1" name="restAssuredTests.postRequest" time="2.921" errors="0" timestamp="2023-01-28T23:41:42 EST" skipped="0">
  <testcase classname="restAssuredTests.postRequest" name="postreq" time="2.921"/>
  <system-out/>
</testsuite> <!-- restAssuredTests.postRequest -->
