<?xml version="1.0" encoding="UTF-8"?>
<!-- Generated by org.testng.reporters.JUnitReportReporter -->
<testsuite hostname="Yash-Laptop" failures="0" tests="1" name="restAssuredTests.deleteRequest" time="2.210" errors="0" timestamp="2023-01-28T07:12:55 EST" skipped="0">
  <testcase classname="restAssuredTests.deleteRequest" name="postreq" time="2.210"/>
  <system-out/>
</testsuite> <!-- restAssuredTests.deleteRequest -->
