<?xml version="1.0" encoding="UTF-8"?>
<!-- Generated by org.testng.reporters.JUnitReportReporter -->
<testsuite hostname="Yash-Laptop" failures="0" tests="1" name="restAssuredTests.deleteRequest" time="2.613" errors="0" timestamp="2023-01-28T23:45:47 EST" skipped="0">
  <testcase classname="restAssuredTests.deleteRequest" name="postreq" time="2.613"/>
  <system-out/>
</testsuite> <!-- restAssuredTests.deleteRequest -->
