<?xml version="1.0" encoding="UTF-8"?>
<!-- Generated by org.testng.reporters.JUnitReportReporter -->
<testsuite hostname="Yash-Laptop" failures="0" tests="1" name="restAssuredTests.putRequest" time="3.312" errors="0" timestamp="2023-01-28T23:44:32 EST" skipped="0">
  <testcase classname="restAssuredTests.putRequest" name="postreq" time="3.312"/>
  <system-out/>
</testsuite> <!-- restAssuredTests.putRequest -->
