<?xml version="1.0" encoding="UTF-8"?>
<!-- Generated by org.testng.reporters.JUnitReportReporter -->
<testsuite hostname="Yash-Laptop" failures="0" tests="1" name="restAssuredTests.getRequest" time="2.685" errors="0" timestamp="2023-01-28T23:43:26 EST" skipped="0">
  <testcase classname="restAssuredTests.getRequest" name="getRequest" time="2.685"/>
  <system-out/>
</testsuite> <!-- restAssuredTests.getRequest -->
